<?xml version="1.0" encoding="UTF-8"?>
<testsuites name="Mocha Tests" time="0.0000" tests="1" failures="1">
  <testsuite name="Root Suite" timestamp="2021-03-09T10:05:39" tests="0" file="cypress/integration/uitest.feature" time="0.0000" failures="0">
  </testsuite>
  <testsuite name="Test Ui application for proof of concept" timestamp="2021-03-09T10:05:39" tests="1" time="0.0000" failures="1">
    <testcase name="Test Ui application for proof of concept Open an application and perform actions" time="0.0000" classname="Open an application and perform actions">
      <failure message="Timed out retrying after 4000ms: Expected to find element: `input[name = email]`, but never found it." type="AssertionError"><![CDATA[AssertionError: Timed out retrying after 4000ms: Expected to find element: `input[name = email]`, but never found it.
    at Function.enterUsername (https://qualitystack-fbc6d.web.app/__cypress/tests?p=cypress/integration/uitest.feature:155:10)
    at Context.eval (https://qualitystack-fbc6d.web.app/__cypress/tests?p=cypress/integration/uitest.feature:242:25)
    at Context.resolveAndRunStepDefinition (https://qualitystack-fbc6d.web.app/__cypress/tests?p=cypress/integration/uitest.feature:11986:9)
    at Context.eval (https://qualitystack-fbc6d.web.app/__cypress/tests?p=cypress/integration/uitest.feature:11327:35)]]></failure>
    </testcase>
  </testsuite>
</testsuites>